2024-01-23 13:37:14.290 [main] INFO  com.example.demo.controllers.UserController - creating new user
2024-01-23 14:43:46.358 [main] INFO  org.springframework.boot.test.context.SpringBootTestContextBootstrapper - Neither @ContextConfiguration nor @ContextHierarchy found for test class [com.example.demo.SareetaApplicationTests], using SpringBootContextLoader
2024-01-23 14:43:46.373 [main] INFO  org.springframework.test.context.support.AbstractContextLoader - Could not detect default resource locations for test class [com.example.demo.SareetaApplicationTests]: no resource found for suffixes {-context.xml, Context.groovy}.
2024-01-23 14:43:46.375 [main] INFO  org.springframework.test.context.support.AnnotationConfigContextLoaderUtils - Could not detect default configuration classes for test class [com.example.demo.SareetaApplicationTests]: SareetaApplicationTests does not declare any static, non-private, non-final, nested classes annotated with @Configuration.
2024-01-23 14:43:46.550 [main] INFO  org.springframework.boot.test.context.SpringBootTestContextBootstrapper - Found @SpringBootConfiguration com.example.demo.SareetaApplication for test class com.example.demo.SareetaApplicationTests
2024-01-23 14:43:46.654 [main] INFO  org.springframework.boot.test.context.SpringBootTestContextBootstrapper - Loaded default TestExecutionListener class names from location [META-INF/spring.factories]: [org.springframework.security.test.context.support.WithSecurityContextTestExecutionListener, org.springframework.security.test.context.support.ReactorContextTestExecutionListener, org.springframework.test.context.web.ServletTestExecutionListener, org.springframework.test.context.support.DirtiesContextBeforeModesTestExecutionListener, org.springframework.test.context.support.DependencyInjectionTestExecutionListener, org.springframework.test.context.support.DirtiesContextTestExecutionListener, org.springframework.test.context.transaction.TransactionalTestExecutionListener, org.springframework.test.context.jdbc.SqlScriptsTestExecutionListener, org.springframework.boot.test.mock.mockito.MockitoTestExecutionListener, org.springframework.boot.test.mock.mockito.ResetMocksTestExecutionListener, org.springframework.boot.test.autoconfigure.restdocs.RestDocsTestExecutionListener, org.springframework.boot.test.autoconfigure.web.client.MockRestServiceServerResetTestExecutionListener, org.springframework.boot.test.autoconfigure.web.servlet.MockMvcPrintOnlyOnFailureTestExecutionListener, org.springframework.boot.test.autoconfigure.web.servlet.WebDriverTestExecutionListener]
2024-01-23 14:43:46.717 [main] INFO  org.springframework.boot.test.context.SpringBootTestContextBootstrapper - Using TestExecutionListeners: [org.springframework.test.context.web.ServletTestExecutionListener@607fbe09, org.springframework.test.context.support.DirtiesContextBeforeModesTestExecutionListener@60a2630a, org.springframework.boot.test.mock.mockito.MockitoTestExecutionListener@29df4d43, org.springframework.boot.test.autoconfigure.SpringBootDependencyInjectionTestExecutionListener@5dd91bca, org.springframework.test.context.support.DirtiesContextTestExecutionListener@40cb698e, org.springframework.test.context.transaction.TransactionalTestExecutionListener@3382f8ae, org.springframework.test.context.jdbc.SqlScriptsTestExecutionListener@60641ec8, org.springframework.security.test.context.support.WithSecurityContextTestExecutionListener@75f65e45, org.springframework.security.test.context.support.ReactorContextTestExecutionListener@6eeade6c, org.springframework.boot.test.mock.mockito.ResetMocksTestExecutionListener@4a891c97, org.springframework.boot.test.autoconfigure.restdocs.RestDocsTestExecutionListener@a5bd950, org.springframework.boot.test.autoconfigure.web.client.MockRestServiceServerResetTestExecutionListener@4d18aa28, org.springframework.boot.test.autoconfigure.web.servlet.MockMvcPrintOnlyOnFailureTestExecutionListener@75390459, org.springframework.boot.test.autoconfigure.web.servlet.WebDriverTestExecutionListener@7756c3cd]
2024-01-23 14:43:47.559 [main] INFO  com.example.demo.controllers.UserController - creating new user
2024-01-23 14:43:47.916 [main] INFO  com.example.demo.SareetaApplicationTests - Starting SareetaApplicationTests on DESKTOP-2TKVSG4 with PID 18648 (started by Nimish in C:\Users\user\Desktop\Udacity proj\Project 4\nd035-c4-Security-and-DevOps-master\starter_code)
2024-01-23 14:43:47.917 [main] INFO  com.example.demo.SareetaApplicationTests - No active profile set, falling back to default profiles: default
2024-01-23 14:43:48.629 [main] INFO  org.springframework.data.repository.config.RepositoryConfigurationDelegate - Bootstrapping Spring Data repositories in DEFAULT mode.
2024-01-23 14:43:48.716 [main] INFO  org.springframework.data.repository.config.RepositoryConfigurationDelegate - Finished Spring Data repository scanning in 75ms. Found 4 repository interfaces.
2024-01-23 14:43:49.433 [main] INFO  org.springframework.context.support.PostProcessorRegistrationDelegate$BeanPostProcessorChecker - Bean 'org.springframework.transaction.annotation.ProxyTransactionManagementConfiguration' of type [org.springframework.transaction.annotation.ProxyTransactionManagementConfiguration$$EnhancerBySpringCGLIB$$92ba6eb1] is not eligible for getting processed by all BeanPostProcessors (for example: not eligible for auto-proxying)
2024-01-23 14:43:49.758 [main] INFO  com.zaxxer.hikari.HikariDataSource - HikariPool-1 - Starting...
2024-01-23 14:43:49.961 [main] INFO  com.zaxxer.hikari.HikariDataSource - HikariPool-1 - Start completed.
2024-01-23 14:43:50.084 [main] INFO  org.hibernate.jpa.internal.util.LogHelper - HHH000204: Processing PersistenceUnitInfo [
	name: default
	...]
2024-01-23 14:43:50.189 [main] INFO  org.hibernate.Version - HHH000412: Hibernate Core {5.3.10.Final}
2024-01-23 14:43:50.192 [main] INFO  org.hibernate.cfg.Environment - HHH000206: hibernate.properties not found
2024-01-23 14:43:50.252 [main] INFO  org.hibernate.annotations.common.Version - HCANN000001: Hibernate Commons Annotations {5.0.4.Final}
2024-01-23 14:43:50.473 [main] INFO  org.hibernate.dialect.Dialect - HHH000400: Using dialect: org.hibernate.dialect.H2Dialect
2024-01-23 14:43:51.252 [main] INFO  org.springframework.orm.jpa.LocalContainerEntityManagerFactoryBean - Initialized JPA EntityManagerFactory for persistence unit 'default'
2024-01-23 14:43:52.345 [main] WARN  org.springframework.boot.autoconfigure.orm.jpa.JpaBaseConfiguration$JpaWebConfiguration$JpaWebMvcConfiguration - spring.jpa.open-in-view is enabled by default. Therefore, database queries may be performed during view rendering. Explicitly configure spring.jpa.open-in-view to disable this warning
2024-01-23 14:43:52.700 [main] INFO  org.springframework.security.web.DefaultSecurityFilterChain - Creating filter chain: any request, [org.springframework.security.web.context.request.async.WebAsyncManagerIntegrationFilter@2e4d252, org.springframework.security.web.context.SecurityContextPersistenceFilter@4351d055, org.springframework.security.web.header.HeaderWriterFilter@1e489957, org.springframework.web.filter.CorsFilter@3555d804, org.springframework.security.web.authentication.logout.LogoutFilter@f391e52, com.example.demo.security.JWTAuthenticationFilter@19b8f1bd, com.example.demo.security.JWTAuthenticationVerificationFilter@46a9c368, org.springframework.security.web.savedrequest.RequestCacheAwareFilter@6e7cb01a, org.springframework.security.web.servletapi.SecurityContextHolderAwareRequestFilter@65234a9, org.springframework.security.web.authentication.AnonymousAuthenticationFilter@62fbefad, org.springframework.security.web.session.SessionManagementFilter@5b827796, org.springframework.security.web.access.ExceptionTranslationFilter@47c422d3, org.springframework.security.web.access.intercept.FilterSecurityInterceptor@18cb4ed1]
2024-01-23 14:43:53.411 [main] INFO  org.springframework.scheduling.concurrent.ThreadPoolTaskExecutor - Initializing ExecutorService 'applicationTaskExecutor'
2024-01-23 14:43:53.812 [main] INFO  com.example.demo.SareetaApplicationTests - Started SareetaApplicationTests in 6.134 seconds (JVM running for 8.991)
2024-01-23 14:43:53.881 [Thread-2] INFO  org.springframework.scheduling.concurrent.ThreadPoolTaskExecutor - Shutting down ExecutorService 'applicationTaskExecutor'
2024-01-23 14:43:53.885 [Thread-2] INFO  org.springframework.orm.jpa.LocalContainerEntityManagerFactoryBean - Closing JPA EntityManagerFactory for persistence unit 'default'
2024-01-23 14:43:53.887 [Thread-2] INFO  com.zaxxer.hikari.HikariDataSource - HikariPool-1 - Shutdown initiated...
2024-01-23 14:43:53.890 [Thread-2] INFO  com.zaxxer.hikari.HikariDataSource - HikariPool-1 - Shutdown completed.
