#
# There is insufficient memory for the Java Runtime Environment to continue.
# Native memory allocation (mmap) failed to map 264241152 bytes for G1 virtual space
# Possible reasons:
#   The system is out of physical RAM or swap space
#   The process is running with CompressedOops enabled, and the Java Heap may be blocking the growth of the native heap
# Possible solutions:
#   Reduce memory load on the system
#   Increase physical memory or swap space
#   Check if swap backing store is full
#   Decrease Java heap size (-Xmx/-Xms)
#   Decrease number of Java threads
#   Decrease Java thread stack sizes (-Xss)
#   Set larger code cache with -XX:ReservedCodeCacheSize=
#   JVM is running with Zero Based Compressed Oops mode in which the Java heap is
#     placed in the first 32GB address space. The Java Heap base address is the
#     maximum limit for the native heap growth. Please use -XX:HeapBaseMinAddress
#     to set the Java Heap base and to place the Java Heap above 32GB virtual address.
# This output file may be truncated or incomplete.
#
#  Out of Memory Error (os_windows.cpp:3528), pid=20292, tid=18824
#
# JRE version:  (20.0.1+9) (build )
# Java VM: OpenJDK 64-Bit Server VM (20.0.1+9-29, mixed mode, sharing, tiered, compressed oops, compressed class ptrs, g1 gc, windows-amd64)
# No core dump will be written. Minidumps are not enabled by default on client versions of Windows
#

---------------  S U M M A R Y ------------

Command Line: -ea -Didea.test.cyclic.buffer.size=1048576 -javaagent:C:\Users\user\IntelliJ IDEA Community Edition 2023.1.4\lib\idea_rt.jar=63034:C:\Users\user\IntelliJ IDEA Community Edition 2023.1.4\bin -Dfile.encoding=UTF-8 -Dsun.stdout.encoding=UTF-8 -Dsun.stderr.encoding=UTF-8 com.intellij.rt.junit.JUnitStarter -ideVersion5 -junit4 com.example.demo.controllers.CartControllerTest

Host: 11th Gen Intel(R) Core(TM) i5-1135G7 @ 2.40GHz, 8 cores, 15G,  Windows 10 , 64 bit Build 19041 (10.0.19041.3636)
Time: Tue Jan 23 10:57:49 2024 India Standard Time elapsed time: 0.049864 seconds (0d 0h 0m 0s)

---------------  T H R E A D  ---------------

Current thread (0x000001e233d228a0):  JavaThread "Unknown thread" [_thread_in_vm, id=18824, stack(0x000000a3bb300000,0x000000a3bb400000)]

Stack: [0x000000a3bb300000,0x000000a3bb400000]
Native frames: (J=compiled Java code, j=interpreted, Vv=VM code, C=native code)
V  [jvm.dll+0x6bb95a]
V  [jvm.dll+0x8485fa]
V  [jvm.dll+0x84a1f5]
V  [jvm.dll+0x84a8f3]
V  [jvm.dll+0x280b0f]
V  [jvm.dll+0x6b86e9]
V  [jvm.dll+0x6ad2da]
V  [jvm.dll+0x35adf5]
V  [jvm.dll+0x363016]
V  [jvm.dll+0x3b3b3e]
V  [jvm.dll+0x3b3dc5]
V  [jvm.dll+0x32b50a]
V  [jvm.dll+0x32c32b]
V  [jvm.dll+0x8112bf]
V  [jvm.dll+0x3c0d91]
V  [jvm.dll+0x7fcfe3]
V  [jvm.dll+0x44c76f]
V  [jvm.dll+0x44e0e1]
C  [jli.dll+0x5287]
C  [ucrtbase.dll+0x21bb2]
C  [KERNEL32.DLL+0x17344]
C  [ntdll.dll+0x526b1]


---------------  P R O C E S S  ---------------

Threads class SMR info:
_java_thread_list=0x00007ffc9e60a098, length=0, elements={
}

Java Threads: ( => current thread )

Other Threads:
  0x000001e233d913c0 WorkerThread "GC Thread#0" [stack: 0x000000a3bb400000,0x000000a3bb500000] [id=2228]
  0x000001e233da2f50 ConcurrentGCThread "G1 Main Marker" [stack: 0x000000a3bb500000,0x000000a3bb600000] [id=18100]
  0x000001e233da4030 WorkerThread "G1 Conc#0" [stack: 0x000000a3bb600000,0x000000a3bb700000] [id=6168]

[error occurred during error reporting (printing all threads), id 0xc0000005, EXCEPTION_ACCESS_VIOLATION (0xc0000005) at pc=0x00007ffc9ddeeb47]
VM state: not at safepoint (not fully initialized)

VM Mutex/Monitor currently owned by a thread:  ([mutex/lock_event])
[0x000001e233d1e3d0] Heap_lock - owner thread: 0x000001e233d228a0

Heap address: 0x0000000704400000, size: 4028 MB, Compressed Oops mode: Zero based, Oop shift amount: 3

CDS archive(s) mapped at: [0x0000000000000000-0x0000000000000000-0x0000000000000000), size 0, SharedBaseAddress: 0x0000000800000000, ArchiveRelocationMode: 0.
Narrow klass base: 0x0000000000000000, Narrow klass shift: 0, Narrow klass range: 0x0

GC Precious Log:
 CardTable entry size: 512
 Card Set container configuration: InlinePtr #cards 4 size 8 Array Of Cards #cards 16 size 48 Howl #buckets 8 coarsen threshold 3686 Howl Bitmap #cards 512 size 80 coarsen threshold 460 Card regions per heap region 1 cards per card region 4096

Heap:
 garbage-first heap   total 0K, used 0K [0x0000000704400000, 0x0000000800000000)
  region size 2048K, 0 young (0K), 0 survivors (0K)

[error occurred during error reporting (printing heap information), id 0xc0000005, EXCEPTION_ACCESS_VIOLATION (0xc0000005) at pc=0x00007ffc9e1c3c59]
GC Heap History (0 events):
No events

Dll operation events (1 events):
Event: 0.007 Loaded shared library C:\Users\user\.jdks\openjdk-20.0.1\bin\java.dll

Deoptimization events (0 events):
No events

Classes loaded (0 events):
No events

Classes unloaded (0 events):
No events

Classes redefined (0 events):
No events

Internal exceptions (0 events):
No events

VM Operations (0 events):
No events

Events (0 events):
No events


Dynamic libraries:
0x00007ff6d7ce0000 - 0x00007ff6d7cee000 	C:\Users\user\.jdks\openjdk-20.0.1\bin\java.exe
0x00007ffd0a550000 - 0x00007ffd0a748000 	C:\Windows\SYSTEM32\ntdll.dll
0x00007ffd09b40000 - 0x00007ffd09bfd000 	C:\Windows\System32\KERNEL32.DLL
0x00007ffd08200000 - 0x00007ffd084f6000 	C:\Windows\System32\KERNELBASE.dll
0x00007ffd08020000 - 0x00007ffd08120000 	C:\Windows\System32\ucrtbase.dll
0x00007ffcfec50000 - 0x00007ffcfec67000 	C:\Users\user\.jdks\openjdk-20.0.1\bin\jli.dll
0x00007ffcfec00000 - 0x00007ffcfec1b000 	C:\Users\user\.jdks\openjdk-20.0.1\bin\VCRUNTIME140.dll
0x00007ffd0a120000 - 0x00007ffd0a2be000 	C:\Windows\System32\USER32.dll
0x00007ffcead70000 - 0x00007ffceb00a000 	C:\Windows\WinSxS\amd64_microsoft.windows.common-controls_6595b64144ccf1df_6.0.19041.3636_none_60b6a03d71f818d5\COMCTL32.dll
0x00007ffd07ea0000 - 0x00007ffd07ec2000 	C:\Windows\System32\win32u.dll
0x00007ffd08870000 - 0x00007ffd0890e000 	C:\Windows\System32\msvcrt.dll
0x00007ffd0a360000 - 0x00007ffd0a38c000 	C:\Windows\System32\GDI32.dll
0x00007ffd07d80000 - 0x00007ffd07e9a000 	C:\Windows\System32\gdi32full.dll
0x00007ffd07ed0000 - 0x00007ffd07f6d000 	C:\Windows\System32\msvcp_win.dll
0x00007ffd0a070000 - 0x00007ffd0a0a0000 	C:\Windows\System32\IMM32.DLL
0x00007ffd03130000 - 0x00007ffd0313c000 	C:\Users\user\.jdks\openjdk-20.0.1\bin\vcruntime140_1.dll
0x00007ffcd4f60000 - 0x00007ffcd4fee000 	C:\Users\user\.jdks\openjdk-20.0.1\bin\msvcp140.dll
0x00007ffc9dab0000 - 0x00007ffc9e747000 	C:\Users\user\.jdks\openjdk-20.0.1\bin\server\jvm.dll
0x00007ffd09a10000 - 0x00007ffd09ac3000 	C:\Windows\System32\ADVAPI32.dll
0x00007ffd0a2c0000 - 0x00007ffd0a35f000 	C:\Windows\System32\sechost.dll
0x00007ffd085a0000 - 0x00007ffd086c6000 	C:\Windows\System32\RPCRT4.dll
0x00007ffd08570000 - 0x00007ffd08597000 	C:\Windows\System32\bcrypt.dll
0x00007ffd05a40000 - 0x00007ffd05a67000 	C:\Windows\SYSTEM32\WINMM.dll
0x00007ffcfd060000 - 0x00007ffcfd06a000 	C:\Windows\SYSTEM32\VERSION.dll
0x00007ffcefdb0000 - 0x00007ffcefdb9000 	C:\Windows\SYSTEM32\WSOCK32.dll
0x00007ffd09ad0000 - 0x00007ffd09b3b000 	C:\Windows\System32\WS2_32.dll
0x00007ffd06450000 - 0x00007ffd06462000 	C:\Windows\SYSTEM32\kernel.appcore.dll
0x00007ffcfee20000 - 0x00007ffcfee2a000 	C:\Users\user\.jdks\openjdk-20.0.1\bin\jimage.dll
0x00007ffd05810000 - 0x00007ffd059f4000 	C:\Windows\SYSTEM32\DBGHELP.DLL
0x00007ffd05a00000 - 0x00007ffd05a34000 	C:\Windows\SYSTEM32\dbgcore.DLL
0x00007ffd08120000 - 0x00007ffd081a2000 	C:\Windows\System32\bcryptPrimitives.dll
0x00007ffcfeb50000 - 0x00007ffcfeb5e000 	C:\Users\user\.jdks\openjdk-20.0.1\bin\instrument.dll
0x00007ffcfe9a0000 - 0x00007ffcfe9c6000 	C:\Users\user\.jdks\openjdk-20.0.1\bin\java.dll

dbghelp: loaded successfully - version: 4.0.5 - missing functions: none
symbol engine: initialized successfully - sym options: 0x614 - pdb path: .;C:\Users\user\.jdks\openjdk-20.0.1\bin;C:\Windows\SYSTEM32;C:\Windows\WinSxS\amd64_microsoft.windows.common-controls_6595b64144ccf1df_6.0.19041.3636_none_60b6a03d71f818d5;C:\Users\user\.jdks\openjdk-20.0.1\bin\server

VM Arguments:
jvm_args: -ea -Didea.test.cyclic.buffer.size=1048576 -javaagent:C:\Users\user\IntelliJ IDEA Community Edition 2023.1.4\lib\idea_rt.jar=63034:C:\Users\user\IntelliJ IDEA Community Edition 2023.1.4\bin -Dfile.encoding=UTF-8 -Dsun.stdout.encoding=UTF-8 -Dsun.stderr.encoding=UTF-8 
java_command: com.intellij.rt.junit.JUnitStarter -ideVersion5 -junit4 com.example.demo.controllers.CartControllerTest
java_class_path (initial): C:\Users\user\IntelliJ IDEA Community Edition 2023.1.4\lib\idea_rt.jar;C:\Users\user\IntelliJ IDEA Community Edition 2023.1.4\plugins\junit\lib\junit5-rt.jar;C:\Users\user\IntelliJ IDEA Community Edition 2023.1.4\plugins\junit\lib\junit-rt.jar;C:\Users\user\Desktop\Udacity proj\Project 4\nd035-c4-Security-and-DevOps-master\starter_code\target\test-classes;C:\Users\user\Desktop\Udacity proj\Project 4\nd035-c4-Security-and-DevOps-master\starter_code\target\classes;C:\Users\user\.m2\repository\org\springframework\boot\spring-boot-starter-security\2.1.5.RELEASE\spring-boot-starter-security-2.1.5.RELEASE.jar;C:\Users\user\.m2\repository\org\springframework\spring-aop\5.1.7.RELEASE\spring-aop-5.1.7.RELEASE.jar;C:\Users\user\.m2\repository\org\springframework\spring-beans\5.1.7.RELEASE\spring-beans-5.1.7.RELEASE.jar;C:\Users\user\.m2\repository\org\springframework\security\spring-security-config\5.1.5.RELEASE\spring-security-config-5.1.5.RELEASE.jar;C:\Users\user\.m2\repository\org\springframework\spring-context\5.1.7.RELEASE\spring-context-5.1.7.RELEASE.jar;C:\Users\user\.m2\repository\org\springframework\security\spring-security-web\5.1.5.RELEASE\spring-security-web-5.1.5.RELEASE.jar;C:\Users\user\.m2\repository\org\springframework\spring-expression\5.1.7.RELEASE\spring-expression-5.1.7.RELEASE.jar;C:\Users\user\.m2\repository\org\springframework\security\spring-security-test\5.1.5.RELEASE\spring-security-test-5.1.5.RELEASE.jar;C:\Users\user\.m2\repository\org\springframework\security\spring-security-core\5.1.5.RELEASE\spring-security-core-5.1.5.RELEASE.jar;C:\Users\user\.m2\repository\org\springframework\spring-core\5.1.7.RELEASE\spring-core-5.1.7.RELEASE.jar;C:\Users\user\.m2\repository\org\springframework\spring-jcl\5.1.7.RELEASE\spring-jcl-5.1.7.RELEASE.jar;C:\Users\user\.m2\repository\org\springframework\spring-test\5.1.7.RELEASE\spring-test-5.1.7.RELEASE.jar;C:\Users\user\.m2\repository\com\auth0\java-jwt\3.11.0\java-jwt-3.11.0.jar;C:\Users\user\.m2\repository\com\fasterxml\jackson\core\jackson-databind\2.9.8\jackson-databind-2.9.8.jar;C:\Users\user\.m2\repository\com\fasterxml\jackson\core\jackson-annotations\2.9.0\jackson-annotations-2.9.0.jar;C:\Users\user\.m2\repository\com\fasterxml\jackson\core\jackson-core\2.9.8\jackson-core-2.9.8.jar;C:\Users\user\.m2\repository\commons-codec\commons-codec\1.11\commons-codec-1.11.jar;C:\Users\user\.m2\repository\org\slf4j\slf4j-log4j12\1.7.25\slf4j-log4j12-1.7.25.jar;C:\Users\user\.m2\repository\org\slf4j\slf4j-api\1.7.26\slf4j-api-1.7.26.jar;C:\Users\user\.m2\repository\log4j\log4j\1.2.17\log4j-1.2.17.jar;C:\Users\user\.m2\repository\org\springframework\boot\spring-boot-starter-data-jpa\2.1.5.RELEASE\spring-boot-starter-data-jpa-2.1.5.RELEASE.jar;C:\Users\user\.m2\repository\org\springframework\boot\spring-boot-starter-aop\2.1.5.RELEASE\spring-boot-starter-aop-2.1.5.RELEASE.jar;C:\Users\user\.m2\repository\org\aspectj\aspectjweaver\1.9.4\aspectjweaver-1.9.4.jar;C:\Users\user\.m2\repository\org\springframework\boot\spring-boot-starter-jdbc\2.1.5.RELEASE\spring-boot-starter-jdbc-2.1.5.RELEASE.jar;C:\Users\user\.m2\repository\com\zaxxer\HikariCP\3.2.0\HikariCP-3.2.0.jar;C:\Users\user\.m2\repository\org\springframework\spring-jdbc\5.1.7.RELEASE\spring-jdbc-5.1.7.RELEASE.jar;C:\Users\user\.m2\repository\javax\transaction\javax.transaction-api\1.3\javax.transaction-api-1.3.jar;C:\Users\user\.m2\repository\javax\xml\bind\jaxb-api\2.3.1\jaxb-api-2.3.1.jar;C:\Users\user\.m2\repository\javax\activation\javax.activation-api\1.2.0\javax.activation-api-1.2.0.jar;C:\Users\user\.m2\repository\org\hibernate\hibernate-core\5.3.10.Final\hibernate-core-5.3.10.Final.jar;C:\Users\user\.m2\repository\org\jboss\logging\jboss-logging\3.3.2.Final\jboss-logging-3.3.2.Final.jar;C:\Users\user\.m2\repository\javax\persistence\javax.persistence-api\2.2\javax.persistence-api-2.2.jar;C:\Users\user\.m2\repository\org\javassist\javassist\3.23.2-GA\javassist-3.23.2-GA.jar;C:\Users\user\.m2\repository\net\bytebuddy\byte-buddy\1.9.12\byte-buddy-1.9.12.jar;C:\Users\user\.m2\repository\antlr\antlr\2.7.7\antlr-2.7.7.jar;C:\Users\user\.m2\repository\org\jboss\jandex\2.0.5.Final\jandex-2.0.5.Final.jar;C:\Users\user\.m2\repository\com\fasterxml\classmate\1.4.0\classmate-1.4.0.jar;C:\Users\user\.m2\repository\org\dom4j\dom4j\2.1.1\dom4j-2.1.1.jar;C:\Users\user\.m2\repository\org\hibernate\common\hibernate-commons-annotations\5.0.4.Final\hibernate-commons-annotations-5.0.4.Final.jar;C:\Users\user\.m2\repository\org\springframework\data\spring-data-jpa\2.1.8.RELEASE\spring-data-jpa-2.1.8.RELEASE.jar;C:\Users\user\.m2\repository\org\springframework\data\spring-data-commons\2.1.8.RELEASE\spring-data-commons-2.1.8.RELEASE.jar;C:\Users\user\.m2\repository\org\springframework\spring-orm\5.1.7.RELEASE\spring-orm-5.1.7.RELEASE.jar;C:\Users\user\.m2\repository\org\springframework\spring-tx\5.1.7.RELEASE\spring-tx-5.1.7.RELEASE.jar;C:\Users\user\.m2\repository\org\springframework\spring-aspects\5.1.7.RELEASE\spring-aspects-5.1.7.RELEASE.jar;C:\Users\user\.m2\repository\org\springframework\boot\spring-boot-starter-web\2.1.5.RELEASE\spring-boot-starter-web-2.1.5.RELEASE.jar;C:\Users\user\.m2\repository\org\springframework\boot\spring-boot-starter-json\2.1.5.RELEASE\spring-boot-starter-json-2.1.5.RELEASE.jar;C:\Users\user\.m2\repository\com\fasterxml\jackson\datatype\jackson-datatype-jdk8\2.9.8\jackson-datatype-jdk8-2.9.8.jar;C:\Users\user\.m2\repository\com\fasterxml\jackson\datatype\jackson-datatype-jsr310\2.9.8\jackson-datatype-jsr310-2.9.8.jar;C:\Users\user\.m2\repository\com\fasterxml\jackson\module\jackson-module-parameter-names\2.9.8\jackson-module-parameter-names-2.9.8.jar;C:\Users\user\.m2\repository\org\hibernate\validator\hibernate-validator\6.0.16.Final\hibernate-validator-6.0.16.Final.jar;C:\Users\user\.m2\repository\javax\validation\validation-api\2.0.1.Final\validation-api-2.0.1.Final.jar;C:\Users\user\.m2\repository\org\springframework\spring-web\5.1.7.RELEASE\spring-web-5.1.7.RELEASE.jar;C:\Users\user\.m2\repository\org\springframework\spring-webmvc\5.1.7.RELEASE\spring-webmvc-5.1.7.RELEASE.jar;C:\Users\user\.m2\repository\org\springframework\boot\spring-boot-starter-tomcat\2.1.5.RELEASE\spring-boot-starter-tomcat-2.1.5.RELEASE.jar;C:\Users\user\.m2\repository\javax\annotation\javax.annotation-api\1.3.2\javax.annotation-api-1.3.2.jar;C:\Users\user\.m2\repository\org\apache\tomcat\embed\tomcat-embed-core\9.0.19\tomcat-embed-core-9.0.19.jar;C:\Users\user\.m2\repository\org\apache\tomcat\embed\tomcat-embed-el\9.0.19\tomcat-embed-el-9.0.19.jar;C:\Users\user\.m2\repository\org\apache\tomcat\embed\tomcat-embed-websocket\9.0.19\tomcat-embed-websocket-9.0.19.jar;C:\Users\user\.m2\repository\com\h2database\h2\1.4.199\h2-1.4.199.jar;C:\Users\user\.m2\repository\org\springframework\boot\spring-boot-starter-test\2.1.5.RELEASE\spring-boot-starter-test-2.1.5.RELEASE.jar;C:\Users\user\.m2\repository\org\springframework\boot\spring-boot-test\2.1.5.RELEASE\spring-boot-test-2.1.5.RELEASE.jar;C:\Users\user\.m2\repository\org\springframework\boot\spring-boot-test-autoconfigure\2.1.5.RELEASE\spring-boot-test-autoconfigure-2.1.5.RELEASE.jar;C:\Users\user\.m2\repository\com\jayway\jsonpath\json-path\2.4.0\json-path-2.4.0.jar;C:\Users\user\.m2\repository\net\minidev\json-smart\2.3\json-smart-2.3.jar;C:\Users\user\.m2\repository\net\minidev\accessors-smart\1.2\accessors-smart-1.2.jar;C:\Users\user\.m2\repository\org\ow2\asm\asm\5.0.4\asm-5.0.4.jar;C:\Users\user\.m2\repository\junit\junit\4.12\junit-4.12.jar;C:\Users\user\.m2\repository\org\assertj\assertj-core\3.11.1\assertj-core-3.11.1.jar;C:\Users\user\.m2\repository\org\mockito\mockito-core\2.23.4\mockito-core-2.23.4.jar;C:\Users\user\.m2\repository\net\bytebuddy\byte-buddy-agent\1.9.12\byte-buddy-agent-1.9.12.jar;C:\Users\user\.m2\repository\org\objenesis\objenesis\2.6\objenesis-2.6.jar;C:\Users\user\.m2\repository\org\hamcrest\hamcrest-core\1.3\hamcrest-core-1.3.jar;C:\Users\user\.m2\repository\org\hamcrest\hamcrest-library\1.3\hamcrest-library-1.3.jar;C:\Users\user\.m2\repository\org\skyscreamer\jsonassert\1.5.0\jsonassert-1.5.0.jar;C:\Users\user\.m2\repository\com\vaadin\external\google\android-json\0.0.20131108.vaadin1\android-json-0.0.20131108.vaadin1.jar;C:\Users\user\.m2\repository\org\xmlunit\xmlunit-core\2.6.2\xmlunit-core-2.6.2.jar;C:\Users\user\.m2\repository\org\springframework\boot\spring-boot-starter\2.1.5.RELEASE\spring-boot-starter-2.1.5.RELEASE.jar;C:\Users\user\.m2\repository\org\springframework\boot\spring-boot\2.1.5.RELEASE\spring-boot-2.1.5.RELEASE.jar;C:\Users\user\.m2\repository\org\springframework\boot\spring-boot-autoconfigure\2.1.5.RELEASE\spring-boot-autoconfigure-2.1.5.RELEASE.jar;C:\Users\user\.m2\repository\org\yaml\snakeyaml\1.23\snakeyaml-1.23.jar;C:\Users\user\.m2\repository\org\springframework\boot\spring-boot-starter-log4j2\2.1.5.RELEASE\spring-boot-starter-log4j2-2.1.5.RELEASE.jar;C:\Users\user\.m2\repository\org\apache\logging\log4j\log4j-slf4j-impl\2.11.2\log4j-slf4j-impl-2.11.2.jar;C:\Users\user\.m2\repository\org\apache\logging\log4j\log4j-api\2.11.2\log4j-api-2.11.2.jar;C:\Users\user\.m2\repository\org\apache\logging\log4j\log4j-core\2.11.2\log4j-core-2.11.2.jar;C:\Users\user\.m2\repository\org\apache\logging\log4j\log4j-jul\2.11.2\log4j-jul-2.11.2.jar;C:\Users\user\.m2\repository\org\slf4j\jul-to-slf4j\1.7.26\jul-to-slf4j-1.7.26.jar
Launcher Type: SUN_STANDARD

[Global flags]
     intx CICompilerCount                          = 4                                         {product} {ergonomic}
     uint ConcGCThreads                            = 2                                         {product} {ergonomic}
     uint G1ConcRefinementThreads                  = 8                                         {product} {ergonomic}
   size_t G1HeapRegionSize                         = 2097152                                   {product} {ergonomic}
    uintx GCDrainStackTargetSize                   = 64                                        {product} {ergonomic}
   size_t InitialHeapSize                          = 264241152                                 {product} {ergonomic}
   size_t MarkStackSize                            = 4194304                                   {product} {ergonomic}
   size_t MaxHeapSize                              = 4223664128                                {product} {ergonomic}
   size_t MinHeapDeltaBytes                        = 2097152                                   {product} {ergonomic}
   size_t MinHeapSize                              = 8388608                                   {product} {ergonomic}
    uintx NonNMethodCodeHeapSize                   = 5839372                                {pd product} {ergonomic}
    uintx NonProfiledCodeHeapSize                  = 122909434                              {pd product} {ergonomic}
    uintx ProfiledCodeHeapSize                     = 122909434                              {pd product} {ergonomic}
    uintx ReservedCodeCacheSize                    = 251658240                              {pd product} {ergonomic}
     bool SegmentedCodeCache                       = true                                      {product} {ergonomic}
   size_t SoftMaxHeapSize                          = 4223664128                             {manageable} {ergonomic}
     bool UseCompressedClassPointers               = true                           {product lp64_product} {ergonomic}
     bool UseCompressedOops                        = true                           {product lp64_product} {ergonomic}
     bool UseG1GC                                  = true                                      {product} {ergonomic}
     bool UseLargePagesIndividualAllocation        = false                                  {pd product} {ergonomic}

Logging:
Log output configuration:
 #0: stdout all=warning uptime,level,tags foldmultilines=false
 #1: stderr all=off uptime,level,tags foldmultilines=false

Environment Variables:
PATH=C:\Program Files\Common Files\Oracle\Java\javapath;C:\Windows\system32;C:\Windows;C:\Windows\System32\Wbem;C:\Windows\System32\WindowsPowerShell\v1.0\;C:\Windows\System32\OpenSSH\;C:\Program Files\dotnet\;C:\MinGW\bin;C:\Program Files\Git\cmd;C:\Program Files\nodejs;C:\Program Files\nodejs\node_modules\npm;C:\Program Files\nodejs\node_modules\npm;C:\Users\user\Desktop\Udacity Course\API\DOG PROJ SOL\FINAL PROJECT NEW\;C:\Program Files\PuTTY\;C:\Program Files\WinMerge;C:\Program Files\TortoiseGit\bin;C:\Users\user\AppData\Local\Programs\Python\Python311\Scripts\;C:\Users\user\AppData\Local\Programs\Python\Python311\;C:\Users\user\AppData\Local\Microsoft\WindowsApps;;C:\Users\user\AppData\Local\Programs\Microsoft VS Code\bin;C:\Users\user\AppData\Roaming\npm
USERNAME=Nimish
OS=Windows_NT
PROCESSOR_IDENTIFIER=Intel64 Family 6 Model 140 Stepping 1, GenuineIntel
TMP=C:\Users\user\AppData\Local\Temp
TEMP=C:\Users\user\AppData\Local\Temp




---------------  S Y S T E M  ---------------

OS:
 Windows 10 , 64 bit Build 19041 (10.0.19041.3636)
OS uptime: 8 days 20:56 hours

CPU: total 8 (initial active 8) (4 cores per cpu, 2 threads per core) family 6 model 140 stepping 1 microcode 0xac, cx8, cmov, fxsr, ht, mmx, 3dnowpref, sse, sse2, sse3, ssse3, sse4.1, sse4.2, popcnt, lzcnt, tsc, tscinvbit, avx, avx2, aes, erms, clmul, bmi1, bmi2, adx, avx512f, avx512dq, avx512cd, avx512bw, avx512vl, sha, fma, vzeroupper, avx512_vpopcntdq, avx512_vpclmulqdq, avx512_vaes, avx512_vnni, clflush, clflushopt, clwb, avx512_vbmi2, avx512_vbmi, rdtscp, rdpid, fsrm, gfni, avx512_bitalg, f16c, pku, cet_ibt, cet_ss, avx512_ifma

Memory: 4k page, system-wide physical 16106M (4798M free)
TotalPageFile size 18154M (AvailPageFile size 250M)
current process WorkingSet (physical memory assigned to process): 11M, peak: 11M
current process commit charge ("private bytes"): 60M, peak: 312M

vm_info: OpenJDK 64-Bit Server VM (20.0.1+9-29) for windows-amd64 JRE (20.0.1+9-29), built on 2023-03-07T13:56:11Z by "mach5one" with MS VC++ 17.1 (VS2022)

END.
